<?xml version="1.0" encoding="UTF-8"?>
<coverage generated="1653934569143" clover="3.2.0">
  <project timestamp="1653934569143" name="All files">
    <metrics statements="4" coveredstatements="4" conditionals="2" coveredconditionals="0" methods="0" coveredmethods="0" elements="6" coveredelements="4" complexity="0" loc="4" ncloc="4" packages="1" files="1" classes="1"/>
    <file name="config.ts" path="/Users/richard/Development/play/prisma/src/config.ts">
      <metrics statements="4" coveredstatements="4" conditionals="2" coveredconditionals="0" methods="0" coveredmethods="0"/>
      <line num="1" count="1" type="stmt"/>
      <line num="2" count="1" type="cond" truecount="0" falsecount="1"/>
      <line num="3" count="1" type="stmt"/>
      <line num="4" count="1" type="cond" truecount="0" falsecount="1"/>
    </file>
  </project>
</coverage>
