{
  "/Users/richard/Development/play/prisma/src/config.ts": {
    "path": "/Users/richard/Development/play/prisma/src/config.ts",
    "all": false,
    "statementMap": {
      "0": { "start": { "line": 1, "column": 0 }, "end": { "line": 1, "column": 62 } },
      "1": { "start": { "line": 2, "column": 0 }, "end": { "line": 2, "column": 65 } },
      "2": { "start": { "line": 3, "column": 0 }, "end": { "line": 3, "column": 0 } },
      "3": { "start": { "line": 4, "column": 0 }, "end": { "line": 4, "column": 54 } }
    },
    "s": { "0": 1, "1": 1, "2": 1, "3": 1 },
    "branchMap": {
      "0": {
        "type": "branch",
        "line": 2,
        "loc": { "start": { "line": 2, "column": 31 }, "end": { "line": 2, "column": 63 } },
        "locations": [{ "start": { "line": 2, "column": 31 }, "end": { "line": 2, "column": 63 } }]
      },
      "1": {
        "type": "branch",
        "line": 4,
        "loc": { "start": { "line": 4, "column": 24 }, "end": { "line": 4, "column": 54 } },
        "locations": [{ "start": { "line": 4, "column": 24 }, "end": { "line": 4, "column": 54 } }]
      }
    },
    "b": { "0": [0], "1": [0] },
    "fnMap": {},
    "f": {}
  }
}
